<?xml version="1.0" encoding="UTF-8"?>
<testsuite xmlns:xsi="http://www.w3.org/2001/XMLSchema-instance" xsi:noNamespaceSchemaLocation="https://maven.apache.org/surefire/maven-surefire-plugin/xsd/surefire-test-report-3.0.xsd" version="3.0" name="net.osgg.Triangle.AppTest" time="0.115" tests="12" errors="0" skipped="0" failures="0">
  <properties>
[...]
</properties>
  <testcase name="TC08" classname="net.osgg.Triangle.AppTest" time="0.056"/>
  <testcase name="TC10" classname="net.osgg.Triangle.AppTest" time="0.001"/>
  <testcase name="TC09a" classname="net.osgg.Triangle.AppTest" time="0.001"/>
  <testcase name="TC09b" classname="net.osgg.Triangle.AppTest" time="0.001"/>
  <testcase name="TC09c" classname="net.osgg.Triangle.AppTest" time="0.001"/>
  <testcase name="TC11a" classname="net.osgg.Triangle.AppTest" time="0.001"/>
  <testcase name="TC11b" classname="net.osgg.Triangle.AppTest" time="0.001"/>
  <testcase name="TC11c" classname="net.osgg.Triangle.AppTest" time="0.001"/>
  <testcase name="TC11d" classname="net.osgg.Triangle.AppTest" time="0.001"/>
  <testcase name="TC12a" classname="net.osgg.Triangle.AppTest" time="0.001"/>
  <testcase name="TC12b" classname="net.osgg.Triangle.AppTest" time="0"/>
  <testcase name="TC12c" classname="net.osgg.Triangle.AppTest" time="0.002"/>
</testsuite>